build-start
node=div
node=div
node=div
node=h1
node=p
node=p
node=ul
node=div
node=h2
node=p
node=p
node=p
node=p
node=h2
node=p
node=p
node=p
node=p
node=table
node=div
node=table
node=div
node=div
node=h2
node=p
node=p
node=ol
node=p
node=p
node=p
node=div
node=h2
node=p
node=p
node=p
node=p
node=ul
node=p
node=p
node=div
node=h2
node=p
node=p
node=p
node=p
node=p
node=h1
node=p
node=div
node=h2
node=p
node=p
node=p
node=p
node=h2
node=p
node=table
node=div
node=p
node=h2
node=p
node=ol
node=p
node=h2
node=p
node=p
node=p
node=p
node=h1
node=p
node=div
node=table
node=div
node=h2
node=p
node=p
node=h2
node=p
node=p
node=p
node=p
node=p
node=h2
node=p
node=p
node=p
node=p
node=h2
node=p
node=ul
node=p
node=h1
node=p
node=p
node=p
node=p
node=p
save-start
save-done
finally
